2015-04-20 05:20:19 Error: [MissingControllerException] Controller class LannexController could not be found.
Exception Attributes: array (
  'class' => 'LannexController',
  'plugin' => NULL,
)
Request URL: /Lannex/lannex/index.php
Stack Trace:
#0 C:\xampp\htdocs\Lannex\app\webroot\index.php(118): Dispatcher->dispatch(Object(CakeRequest), Object(CakeResponse))
#1 {main}
2015-04-20 05:21:34 Error: [MissingControllerException] Controller class LannexController could not be found.
Exception Attributes: array (
  'class' => 'LannexController',
  'plugin' => NULL,
)
Request URL: /Lannex/lannex/index.php
Stack Trace:
#0 C:\xampp\htdocs\Lannex\app\webroot\index.php(118): Dispatcher->dispatch(Object(CakeRequest), Object(CakeResponse))
#1 {main}
2015-04-20 05:22:31 Error: [MissingControllerException] Controller class Index.htmlController could not be found.
Exception Attributes: array (
  'class' => 'Index.htmlController',
  'plugin' => NULL,
)
Request URL: /Lannex/index.html
Stack Trace:
#0 C:\xampp\htdocs\Lannex\app\webroot\index.php(118): Dispatcher->dispatch(Object(CakeRequest), Object(CakeResponse))
#1 {main}
2015-04-20 05:30:49 Error: [MissingControllerException] Controller class Index.htmlController could not be found.
Exception Attributes: array (
  'class' => 'Index.htmlController',
  'plugin' => NULL,
)
Request URL: /Lannex/index.html
Stack Trace:
#0 C:\xampp\htdocs\Lannex\app\webroot\index.php(118): Dispatcher->dispatch(Object(CakeRequest), Object(CakeResponse))
#1 {main}
2015-04-20 05:30:52 Error: [MissingControllerException] Controller class Index.htmlController could not be found.
Exception Attributes: array (
  'class' => 'Index.htmlController',
  'plugin' => NULL,
)
Request URL: /Lannex/index.html
Stack Trace:
#0 C:\xampp\htdocs\Lannex\app\webroot\index.php(118): Dispatcher->dispatch(Object(CakeRequest), Object(CakeResponse))
#1 {main}
2015-04-20 05:33:45 Error: [MissingControllerException] Controller class Index.htmlController could not be found.
Exception Attributes: array (
  'class' => 'Index.htmlController',
  'plugin' => NULL,
)
Request URL: /Lannex/index.html
Stack Trace:
#0 C:\xampp\htdocs\Lannex\app\webroot\index.php(118): Dispatcher->dispatch(Object(CakeRequest), Object(CakeResponse))
#1 {main}
2015-04-20 05:43:51 Error: [MissingControllerException] Controller class ImgController could not be found.
Exception Attributes: array (
  'class' => 'ImgController',
  'plugin' => NULL,
)
Request URL: /Lannex/img/provincial.png
Stack Trace:
#0 C:\xampp\htdocs\Lannex\app\webroot\index.php(118): Dispatcher->dispatch(Object(CakeRequest), Object(CakeResponse))
#1 {main}
2015-04-24 17:02:10 Error: [MissingControllerException] Controller class LannexController could not be found.
Exception Attributes: array (
  'class' => 'LannexController',
  'plugin' => NULL,
)
Request URL: /Lannex/lannex/
Stack Trace:
#0 C:\xampp\htdocs\Lannex\app\webroot\index.php(118): Dispatcher->dispatch(Object(CakeRequest), Object(CakeResponse))
#1 {main}
2015-04-24 17:03:19 Error: [MissingControllerException] Controller class LannexController could not be found.
Exception Attributes: array (
  'class' => 'LannexController',
  'plugin' => NULL,
)
Request URL: /Lannex/lannex/
Stack Trace:
#0 C:\xampp\htdocs\Lannex\app\webroot\index.php(118): Dispatcher->dispatch(Object(CakeRequest), Object(CakeResponse))
#1 {main}
2015-04-28 05:52:29 Error: [MissingControllerException] Controller class ImgController could not be found.
Exception Attributes: array (
  'class' => 'ImgController',
  'plugin' => NULL,
)
Request URL: /Lannex/img/tecno8.jpg
Stack Trace:
#0 C:\xampp\htdocs\Lannex\app\webroot\index.php(118): Dispatcher->dispatch(Object(CakeRequest), Object(CakeResponse))
#1 {main}
2015-04-28 05:52:47 Error: [MissingControllerException] Controller class ImgController could not be found.
Exception Attributes: array (
  'class' => 'ImgController',
  'plugin' => NULL,
)
Request URL: /Lannex/img/tecno8.jpg
Stack Trace:
#0 C:\xampp\htdocs\Lannex\app\webroot\index.php(118): Dispatcher->dispatch(Object(CakeRequest), Object(CakeResponse))
#1 {main}
2015-04-28 05:53:32 Error: [MissingControllerException] Controller class ImgController could not be found.
Exception Attributes: array (
  'class' => 'ImgController',
  'plugin' => NULL,
)
Request URL: /Lannex/img/tecno8.jpg
Stack Trace:
#0 C:\xampp\htdocs\Lannex\app\webroot\index.php(118): Dispatcher->dispatch(Object(CakeRequest), Object(CakeResponse))
#1 {main}
2015-04-28 05:55:35 Error: [MissingControllerException] Controller class ImgController could not be found.
Exception Attributes: array (
  'class' => 'ImgController',
  'plugin' => NULL,
)
Request URL: /Lannex/img/tecno8.jpg
Stack Trace:
#0 C:\xampp\htdocs\Lannex\app\webroot\index.php(118): Dispatcher->dispatch(Object(CakeRequest), Object(CakeResponse))
#1 {main}
2015-04-28 05:55:37 Error: [MissingControllerException] Controller class ImgController could not be found.
Exception Attributes: array (
  'class' => 'ImgController',
  'plugin' => NULL,
)
Request URL: /Lannex/img/tecno8.jpg
Stack Trace:
#0 C:\xampp\htdocs\Lannex\app\webroot\index.php(118): Dispatcher->dispatch(Object(CakeRequest), Object(CakeResponse))
#1 {main}
2015-04-28 05:56:44 Error: [MissingControllerException] Controller class ImgController could not be found.
Exception Attributes: array (
  'class' => 'ImgController',
  'plugin' => NULL,
)
Request URL: /Lannex/img/tecno8.jpg
Stack Trace:
#0 C:\xampp\htdocs\Lannex\app\webroot\index.php(118): Dispatcher->dispatch(Object(CakeRequest), Object(CakeResponse))
#1 {main}
2015-04-28 06:04:40 Error: [MissingControllerException] Controller class Index.htmlController could not be found.
Exception Attributes: array (
  'class' => 'Index.htmlController',
  'plugin' => NULL,
)
Request URL: /Lannex/index.html
Stack Trace:
#0 C:\xampp\htdocs\Lannex\app\webroot\index.php(118): Dispatcher->dispatch(Object(CakeRequest), Object(CakeResponse))
#1 {main}
2015-04-28 06:05:31 Error: [MissingControllerException] Controller class Www.lannex.com.veController could not be found.
Exception Attributes: array (
  'class' => 'Www.lannex.com.veController',
  'plugin' => NULL,
)
Request URL: /Lannex/www.lannex.com.ve
Stack Trace:
#0 C:\xampp\htdocs\Lannex\app\webroot\index.php(118): Dispatcher->dispatch(Object(CakeRequest), Object(CakeResponse))
#1 {main}
2015-05-10 02:51:38 Error: [MissingViewException] View file "Inicio/contacto.ctp" is missing.
Exception Attributes: array (
  'file' => 'Inicio/contacto.ctp',
)
Request URL: /Lannex/inicio/Contacto
Stack Trace:
#0 /var/www/html/Lannex/lib/Cake/View/View.php(468): View->_getViewFileName(NULL)
#1 /var/www/html/Lannex/lib/Cake/Controller/Controller.php(954): View->render(NULL, NULL)
#2 /var/www/html/Lannex/lib/Cake/Routing/Dispatcher.php(198): Controller->render()
#3 /var/www/html/Lannex/lib/Cake/Routing/Dispatcher.php(165): Dispatcher->_invoke(Object(InicioController), Object(CakeRequest))
#4 /var/www/html/Lannex/app/webroot/index.php(118): Dispatcher->dispatch(Object(CakeRequest), Object(CakeResponse))
#5 {main}
2015-05-10 02:56:19 Error: [MissingViewException] View file "Inicio/portafolio.ctp" is missing.
Exception Attributes: array (
  'file' => 'Inicio/portafolio.ctp',
)
Request URL: /Lannex/inicio/Portafolio
Stack Trace:
#0 /var/www/html/Lannex/lib/Cake/View/View.php(468): View->_getViewFileName(NULL)
#1 /var/www/html/Lannex/lib/Cake/Controller/Controller.php(954): View->render(NULL, NULL)
#2 /var/www/html/Lannex/lib/Cake/Routing/Dispatcher.php(198): Controller->render()
#3 /var/www/html/Lannex/lib/Cake/Routing/Dispatcher.php(165): Dispatcher->_invoke(Object(InicioController), Object(CakeRequest))
#4 /var/www/html/Lannex/app/webroot/index.php(118): Dispatcher->dispatch(Object(CakeRequest), Object(CakeResponse))
#5 {main}
2015-05-10 02:57:04 Error: [MissingViewException] View file "Inicio/quienes_somos.ctp" is missing.
Exception Attributes: array (
  'file' => 'Inicio/quienes_somos.ctp',
)
Request URL: /Lannex/inicio/Quienes_somos
Stack Trace:
#0 /var/www/html/Lannex/lib/Cake/View/View.php(468): View->_getViewFileName(NULL)
#1 /var/www/html/Lannex/lib/Cake/Controller/Controller.php(954): View->render(NULL, NULL)
#2 /var/www/html/Lannex/lib/Cake/Routing/Dispatcher.php(198): Controller->render()
#3 /var/www/html/Lannex/lib/Cake/Routing/Dispatcher.php(165): Dispatcher->_invoke(Object(InicioController), Object(CakeRequest))
#4 /var/www/html/Lannex/app/webroot/index.php(118): Dispatcher->dispatch(Object(CakeRequest), Object(CakeResponse))
#5 {main}
2015-05-10 03:04:09 Error: [MissingControllerException] Controller class FechaDeCorteController could not be found.
Exception Attributes: array (
  'class' => 'FechaDeCorteController',
  'plugin' => NULL,
)
Request URL: /Lannex/fecha_de_corte
Stack Trace:
#0 /var/www/html/Lannex/app/webroot/index.php(118): Dispatcher->dispatch(Object(CakeRequest), Object(CakeResponse))
#1 {main}
2015-05-10 03:04:36 Error: [MissingControllerException] Controller class FechaDeCorteController could not be found.
Exception Attributes: array (
  'class' => 'FechaDeCorteController',
  'plugin' => NULL,
)
Request URL: /Lannex/Fecha_de_corte
Stack Trace:
#0 /var/www/html/Lannex/app/webroot/index.php(118): Dispatcher->dispatch(Object(CakeRequest), Object(CakeResponse))
#1 {main}
2015-05-10 03:07:18 Error: [MissingControllerException] Controller class GhgfhController could not be found.
Exception Attributes: array (
  'class' => 'GhgfhController',
  'plugin' => NULL,
)
Request URL: /Lannex/ghgfh
Stack Trace:
#0 /var/www/html/Lannex/app/webroot/index.php(118): Dispatcher->dispatch(Object(CakeRequest), Object(CakeResponse))
#1 {main}
2015-05-10 03:08:21 Error: [MissingControllerException] Controller class GhgfhController could not be found.
Exception Attributes: array (
  'class' => 'GhgfhController',
  'plugin' => NULL,
)
Request URL: /Lannex/ghgfh
Stack Trace:
#0 /var/www/html/Lannex/app/webroot/index.php(118): Dispatcher->dispatch(Object(CakeRequest), Object(CakeResponse))
#1 {main}
2015-05-10 03:08:22 Error: [MissingControllerException] Controller class GhgfhController could not be found.
Exception Attributes: array (
  'class' => 'GhgfhController',
  'plugin' => NULL,
)
Request URL: /Lannex/ghgfh
Stack Trace:
#0 /var/www/html/Lannex/app/webroot/index.php(118): Dispatcher->dispatch(Object(CakeRequest), Object(CakeResponse))
#1 {main}
2015-05-10 03:08:23 Error: [MissingControllerException] Controller class GhgfhController could not be found.
Exception Attributes: array (
  'class' => 'GhgfhController',
  'plugin' => NULL,
)
Request URL: /Lannex/ghgfh
Stack Trace:
#0 /var/www/html/Lannex/app/webroot/index.php(118): Dispatcher->dispatch(Object(CakeRequest), Object(CakeResponse))
#1 {main}
2015-05-10 03:08:24 Error: [MissingControllerException] Controller class GhgfhController could not be found.
Exception Attributes: array (
  'class' => 'GhgfhController',
  'plugin' => NULL,
)
Request URL: /Lannex/ghgfh
Stack Trace:
#0 /var/www/html/Lannex/app/webroot/index.php(118): Dispatcher->dispatch(Object(CakeRequest), Object(CakeResponse))
#1 {main}
2015-05-10 03:10:32 Error: [MissingControllerException] Controller class GhgfhController could not be found.
Exception Attributes: array (
  'class' => 'GhgfhController',
  'plugin' => NULL,
)
Request URL: /Lannex/ghgfh
Stack Trace:
#0 /var/www/html/Lannex/app/webroot/index.php(118): Dispatcher->dispatch(Object(CakeRequest), Object(CakeResponse))
#1 {main}
2015-05-10 03:10:47 Error: [MissingControllerException] Controller class GhgfhController could not be found.
Exception Attributes: array (
  'class' => 'GhgfhController',
  'plugin' => NULL,
)
Request URL: /Lannex/ghgfh
Stack Trace:
#0 /var/www/html/Lannex/app/webroot/index.php(118): Dispatcher->dispatch(Object(CakeRequest), Object(CakeResponse))
#1 {main}
2015-05-10 03:10:48 Error: [MissingControllerException] Controller class GhgfhController could not be found.
Exception Attributes: array (
  'class' => 'GhgfhController',
  'plugin' => NULL,
)
Request URL: /Lannex/ghgfh
Stack Trace:
#0 /var/www/html/Lannex/app/webroot/index.php(118): Dispatcher->dispatch(Object(CakeRequest), Object(CakeResponse))
#1 {main}
2015-05-10 03:10:52 Error: [MissingControllerException] Controller class GhgfhController could not be found.
Exception Attributes: array (
  'class' => 'GhgfhController',
  'plugin' => NULL,
)
Request URL: /Lannex/ghgfh
Stack Trace:
#0 /var/www/html/Lannex/app/webroot/index.php(118): Dispatcher->dispatch(Object(CakeRequest), Object(CakeResponse))
#1 {main}
2015-05-10 03:10:52 Error: [MissingControllerException] Controller class GhgfhController could not be found.
Exception Attributes: array (
  'class' => 'GhgfhController',
  'plugin' => NULL,
)
Request URL: /Lannex/ghgfh
Stack Trace:
#0 /var/www/html/Lannex/app/webroot/index.php(118): Dispatcher->dispatch(Object(CakeRequest), Object(CakeResponse))
#1 {main}
2015-05-10 03:10:56 Error: [MissingControllerException] Controller class GhgfhController could not be found.
Exception Attributes: array (
  'class' => 'GhgfhController',
  'plugin' => NULL,
)
Request URL: /Lannex/ghgfh
Stack Trace:
#0 /var/www/html/Lannex/app/webroot/index.php(118): Dispatcher->dispatch(Object(CakeRequest), Object(CakeResponse))
#1 {main}
2015-05-10 03:11:06 Error: [MissingActionException] Action InicioController::Quienes_somosdsf() could not be found.
Exception Attributes: array (
  'controller' => 'InicioController',
  'action' => 'Quienes_somosdsf',
)
Request URL: /Lannex/inicio/Quienes_somosdsf
Stack Trace:
#0 /var/www/html/Lannex/lib/Cake/Routing/Dispatcher.php(191): Controller->invokeAction(Object(CakeRequest))
#1 /var/www/html/Lannex/lib/Cake/Routing/Dispatcher.php(165): Dispatcher->_invoke(Object(InicioController), Object(CakeRequest))
#2 /var/www/html/Lannex/app/webroot/index.php(118): Dispatcher->dispatch(Object(CakeRequest), Object(CakeResponse))
#3 {main}
2015-05-10 03:12:44 Error: [MissingControllerException] Controller class GhjhgController could not be found.
Exception Attributes: array (
  'class' => 'GhjhgController',
  'plugin' => NULL,
)
Request URL: /Lannex/ghjhg
Stack Trace:
#0 /var/www/html/Lannex/app/webroot/index.php(118): Dispatcher->dispatch(Object(CakeRequest), Object(CakeResponse))
#1 {main}
2015-05-10 03:13:43 Error: [MissingControllerException] Controller class GhjhgController could not be found.
Exception Attributes: array (
  'class' => 'GhjhgController',
  'plugin' => NULL,
)
Request URL: /Lannex/ghjhg
Stack Trace:
#0 /var/www/html/Lannex/app/webroot/index.php(118): Dispatcher->dispatch(Object(CakeRequest), Object(CakeResponse))
#1 {main}
2015-05-10 03:13:44 Error: [MissingControllerException] Controller class GhjhgController could not be found.
Exception Attributes: array (
  'class' => 'GhjhgController',
  'plugin' => NULL,
)
Request URL: /Lannex/ghjhg
Stack Trace:
#0 /var/www/html/Lannex/app/webroot/index.php(118): Dispatcher->dispatch(Object(CakeRequest), Object(CakeResponse))
#1 {main}
2015-05-10 03:14:26 Error: [MissingControllerException] Controller class GhjhgController could not be found.
Exception Attributes: array (
  'class' => 'GhjhgController',
  'plugin' => NULL,
)
Request URL: /Lannex/ghjhg
Stack Trace:
#0 /var/www/html/Lannex/app/webroot/index.php(118): Dispatcher->dispatch(Object(CakeRequest), Object(CakeResponse))
#1 {main}
2015-05-10 03:15:08 Error: [MissingActionException] Action InicioController::Fecha_de_cortejhkl() could not be found.
Exception Attributes: array (
  'controller' => 'InicioController',
  'action' => 'Fecha_de_cortejhkl',
)
Request URL: /Lannex/inicio/Fecha_de_cortejhkl
Stack Trace:
#0 /var/www/html/Lannex/lib/Cake/Routing/Dispatcher.php(191): Controller->invokeAction(Object(CakeRequest))
#1 /var/www/html/Lannex/lib/Cake/Routing/Dispatcher.php(165): Dispatcher->_invoke(Object(InicioController), Object(CakeRequest))
#2 /var/www/html/Lannex/app/webroot/index.php(118): Dispatcher->dispatch(Object(CakeRequest), Object(CakeResponse))
#3 {main}
2015-05-10 03:15:56 Error: [MissingActionException] Action InicioController::Fecha_de_cortejhkl() could not be found.
Exception Attributes: array (
  'controller' => 'InicioController',
  'action' => 'Fecha_de_cortejhkl',
)
Request URL: /Lannex/inicio/Fecha_de_cortejhkl
Stack Trace:
#0 /var/www/html/Lannex/lib/Cake/Routing/Dispatcher.php(191): Controller->invokeAction(Object(CakeRequest))
#1 /var/www/html/Lannex/lib/Cake/Routing/Dispatcher.php(165): Dispatcher->_invoke(Object(InicioController), Object(CakeRequest))
#2 /var/www/html/Lannex/app/webroot/index.php(118): Dispatcher->dispatch(Object(CakeRequest), Object(CakeResponse))
#3 {main}
2015-05-10 03:16:20 Error: [MissingActionException] Action InicioController::Fecha_de_cortejhkl() could not be found.
Exception Attributes: array (
  'controller' => 'InicioController',
  'action' => 'Fecha_de_cortejhkl',
)
Request URL: /Lannex/inicio/Fecha_de_cortejhkl
Stack Trace:
#0 /var/www/html/Lannex/lib/Cake/Routing/Dispatcher.php(191): Controller->invokeAction(Object(CakeRequest))
#1 /var/www/html/Lannex/lib/Cake/Routing/Dispatcher.php(165): Dispatcher->_invoke(Object(InicioController), Object(CakeRequest))
#2 /var/www/html/Lannex/app/webroot/index.php(118): Dispatcher->dispatch(Object(CakeRequest), Object(CakeResponse))
#3 {main}
2015-05-10 03:16:30 Error: [MissingActionException] Action InicioController::Fecha_de_cortejhkl() could not be found.
Exception Attributes: array (
  'controller' => 'InicioController',
  'action' => 'Fecha_de_cortejhkl',
)
Request URL: /Lannex/inicio/Fecha_de_cortejhkl
Stack Trace:
#0 /var/www/html/Lannex/lib/Cake/Routing/Dispatcher.php(191): Controller->invokeAction(Object(CakeRequest))
#1 /var/www/html/Lannex/lib/Cake/Routing/Dispatcher.php(165): Dispatcher->_invoke(Object(InicioController), Object(CakeRequest))
#2 /var/www/html/Lannex/app/webroot/index.php(118): Dispatcher->dispatch(Object(CakeRequest), Object(CakeResponse))
#3 {main}
2015-05-10 03:17:18 Error: [MissingActionException] Action InicioController::Fecha_de_cortejhkl() could not be found.
Exception Attributes: array (
  'controller' => 'InicioController',
  'action' => 'Fecha_de_cortejhkl',
)
Request URL: /Lannex/inicio/Fecha_de_cortejhkl
Stack Trace:
#0 /var/www/html/Lannex/lib/Cake/Routing/Dispatcher.php(191): Controller->invokeAction(Object(CakeRequest))
#1 /var/www/html/Lannex/lib/Cake/Routing/Dispatcher.php(165): Dispatcher->_invoke(Object(InicioController), Object(CakeRequest))
#2 /var/www/html/Lannex/app/webroot/index.php(118): Dispatcher->dispatch(Object(CakeRequest), Object(CakeResponse))
#3 {main}
2015-05-10 03:18:18 Error: [MissingActionException] Action InicioController::Fecha_de_cortejhkl() could not be found.
Exception Attributes: array (
  'controller' => 'InicioController',
  'action' => 'Fecha_de_cortejhkl',
)
Request URL: /Lannex/inicio/Fecha_de_cortejhkl
Stack Trace:
#0 /var/www/html/Lannex/lib/Cake/Routing/Dispatcher.php(191): Controller->invokeAction(Object(CakeRequest))
#1 /var/www/html/Lannex/lib/Cake/Routing/Dispatcher.php(165): Dispatcher->_invoke(Object(InicioController), Object(CakeRequest))
#2 /var/www/html/Lannex/app/webroot/index.php(118): Dispatcher->dispatch(Object(CakeRequest), Object(CakeResponse))
#3 {main}
2015-05-10 03:18:20 Error: [MissingActionException] Action InicioController::Fecha_de_cortejhkl() could not be found.
Exception Attributes: array (
  'controller' => 'InicioController',
  'action' => 'Fecha_de_cortejhkl',
)
Request URL: /Lannex/inicio/Fecha_de_cortejhkl
Stack Trace:
#0 /var/www/html/Lannex/lib/Cake/Routing/Dispatcher.php(191): Controller->invokeAction(Object(CakeRequest))
#1 /var/www/html/Lannex/lib/Cake/Routing/Dispatcher.php(165): Dispatcher->_invoke(Object(InicioController), Object(CakeRequest))
#2 /var/www/html/Lannex/app/webroot/index.php(118): Dispatcher->dispatch(Object(CakeRequest), Object(CakeResponse))
#3 {main}
2015-05-10 03:18:38 Error: [MissingActionException] Action InicioController::Fecha_de_cortejhkl() could not be found.
Exception Attributes: array (
  'controller' => 'InicioController',
  'action' => 'Fecha_de_cortejhkl',
)
Request URL: /Lannex/inicio/Fecha_de_cortejhkl
Stack Trace:
#0 /var/www/html/Lannex/lib/Cake/Routing/Dispatcher.php(191): Controller->invokeAction(Object(CakeRequest))
#1 /var/www/html/Lannex/lib/Cake/Routing/Dispatcher.php(165): Dispatcher->_invoke(Object(InicioController), Object(CakeRequest))
#2 /var/www/html/Lannex/app/webroot/index.php(118): Dispatcher->dispatch(Object(CakeRequest), Object(CakeResponse))
#3 {main}
2015-05-10 03:18:40 Error: [MissingActionException] Action InicioController::Fecha_de_cortejhkl() could not be found.
Exception Attributes: array (
  'controller' => 'InicioController',
  'action' => 'Fecha_de_cortejhkl',
)
Request URL: /Lannex/inicio/Fecha_de_cortejhkl
Stack Trace:
#0 /var/www/html/Lannex/lib/Cake/Routing/Dispatcher.php(191): Controller->invokeAction(Object(CakeRequest))
#1 /var/www/html/Lannex/lib/Cake/Routing/Dispatcher.php(165): Dispatcher->_invoke(Object(InicioController), Object(CakeRequest))
#2 /var/www/html/Lannex/app/webroot/index.php(118): Dispatcher->dispatch(Object(CakeRequest), Object(CakeResponse))
#3 {main}
2015-05-10 03:18:49 Error: [MissingControllerException] Controller class HbghfghController could not be found.
Exception Attributes: array (
  'class' => 'HbghfghController',
  'plugin' => NULL,
)
Request URL: /Lannex/hbghfgh
Stack Trace:
#0 /var/www/html/Lannex/app/webroot/index.php(118): Dispatcher->dispatch(Object(CakeRequest), Object(CakeResponse))
#1 {main}
2015-05-10 03:19:03 Error: [MissingControllerException] Controller class QweqweController could not be found.
Exception Attributes: array (
  'class' => 'QweqweController',
  'plugin' => NULL,
)
Request URL: /Lannex/qweqwe
Stack Trace:
#0 /var/www/html/Lannex/app/webroot/index.php(118): Dispatcher->dispatch(Object(CakeRequest), Object(CakeResponse))
#1 {main}
2015-05-10 04:24:39 Error: [MissingActionException] Action InicioController::Contactouy() could not be found.
Exception Attributes: array (
  'controller' => 'InicioController',
  'action' => 'Contactouy',
)
Request URL: /Lannex2/inicio/Contactouy
Stack Trace:
#0 /var/www/html/Lannex/lib/Cake/Routing/Dispatcher.php(191): Controller->invokeAction(Object(CakeRequest))
#1 /var/www/html/Lannex/lib/Cake/Routing/Dispatcher.php(165): Dispatcher->_invoke(Object(InicioController), Object(CakeRequest))
#2 /var/www/html/Lannex2/app/webroot/index.php(118): Dispatcher->dispatch(Object(CakeRequest), Object(CakeResponse))
#3 {main}
